2025-10-30T17:52:26.497Z | INFO     | socialapi.main:18 - Starting up connection...
2025-10-30T17:52:26.505Z | INFO     | uvicorn.error:62 - Application startup complete.
2025-10-30T17:52:26.507Z | INFO     | uvicorn.error:216 - Uvicorn running on http://127.0.0.1:8000 (Press CTRL+C to quit)
2025-10-30T17:52:33.000Z | DEBUG    | socialapi.routers.post:52 - Executing query: SELECT post.id, post.body 
FROM post
2025-10-30T17:52:33.006Z | INFO     | uvicorn.access:476 - 127.0.0.1:53257 - "GET /post HTTP/1.1" 200
2025-10-30T17:52:46.064Z | DEBUG    | socialapi.routers.post:52 - Executing query: SELECT post.id, post.body 
FROM post
2025-10-30T17:52:46.127Z | INFO     | uvicorn.access:476 - 127.0.0.1:53270 - "GET /post HTTP/1.1" 200
2025-10-30T17:53:29.018Z | INFO     | uvicorn.error:264 - Shutting down
2025-10-30T17:53:29.127Z | INFO     | uvicorn.error:67 - Waiting for application shutdown.
2025-10-30T17:53:29.128Z | INFO     | uvicorn.error:76 - Application shutdown complete.
2025-10-30T17:53:29.129Z | INFO     | uvicorn.error:94 - Finished server process [23624]
2025-11-05T16:22:27.584Z | INFO     | [-] socialapi.main:20 - Starting up connection...
2025-11-05T16:22:27.588Z | INFO     | [-] uvicorn.error:62 - Application startup complete.
2025-11-05T16:22:27.592Z | INFO     | [-] uvicorn.error:216 - Uvicorn running on http://127.0.0.1:8000 (Press CTRL+C to quit)
2025-11-05T16:23:23.807Z | DEBUG    | [e6117606] socialapi.routers.post:53 - Executing query: SELECT post.id, post.body 
FROM post
2025-11-05T16:23:23.859Z | INFO     | [e6117606] uvicorn.access:476 - 127.0.0.1:61036 - "GET /post HTTP/1.1" 200
2025-11-05T16:28:27.364Z | INFO     | [-] uvicorn.error:264 - Shutting down
2025-11-05T16:28:27.471Z | INFO     | [-] uvicorn.error:67 - Waiting for application shutdown.
2025-11-05T16:28:27.471Z | INFO     | [-] uvicorn.error:76 - Application shutdown complete.
2025-11-05T16:28:27.474Z | INFO     | [-] uvicorn.error:94 - Finished server process [22940]
{"asctime": "2025-11-05T16:42:34", "msecs": 537.0, "levelname": "INFO", "correlation_id": "-", "name": "socialapi.main", "lineno": 21, "message": "Starting up connection..."}
{"asctime": "2025-11-05T16:42:34", "msecs": 541.0, "levelname": "INFO", "correlation_id": "-", "name": "uvicorn.error", "lineno": 62, "message": "Application startup complete."}
{"asctime": "2025-11-05T16:42:34", "msecs": 543.0, "levelname": "INFO", "correlation_id": "-", "name": "uvicorn.error", "lineno": 216, "message": "Uvicorn running on http://127.0.0.1:8000 (Press CTRL+C to quit)", "color_message": "Uvicorn running on \u001b[1m%s://%s:%d\u001b[0m (Press CTRL+C to quit)"}
{"asctime": "2025-11-05T16:43:34", "msecs": 748.0, "levelname": "INFO", "correlation_id": "-", "name": "uvicorn.error", "lineno": 264, "message": "Shutting down"}
{"asctime": "2025-11-05T16:43:34", "msecs": 859.0, "levelname": "INFO", "correlation_id": "-", "name": "uvicorn.error", "lineno": 67, "message": "Waiting for application shutdown."}
{"asctime": "2025-11-05T16:43:34", "msecs": 860.0, "levelname": "INFO", "correlation_id": "-", "name": "uvicorn.error", "lineno": 76, "message": "Application shutdown complete."}
{"asctime": "2025-11-05T16:43:34", "msecs": 861.0, "levelname": "INFO", "correlation_id": "-", "name": "uvicorn.error", "lineno": 94, "message": "Finished server process [43816]", "color_message": "Finished server process [\u001b[36m%d\u001b[0m]"}
{"asctime": "2025-11-05T16:44:40", "msecs": 168.0, "levelname": "INFO", "correlation_id": "-", "name": "socialapi.main", "lineno": 21, "message": "Starting up connection..."}
{"asctime": "2025-11-05T16:44:40", "msecs": 172.0, "levelname": "INFO", "correlation_id": "-", "name": "uvicorn.error", "lineno": 62, "message": "Application startup complete."}
{"asctime": "2025-11-05T16:44:40", "msecs": 174.0, "levelname": "INFO", "correlation_id": "-", "name": "uvicorn.error", "lineno": 216, "message": "Uvicorn running on http://127.0.0.1:8000 (Press CTRL+C to quit)", "color_message": "Uvicorn running on \u001b[1m%s://%s:%d\u001b[0m (Press CTRL+C to quit)"}
{"asctime": "2025-11-05T16:46:36", "msecs": 214.0, "levelname": "INFO", "correlation_id": "-", "name": "uvicorn.error", "lineno": 264, "message": "Shutting down"}
{"asctime": "2025-11-05T16:46:36", "msecs": 324.0, "levelname": "INFO", "correlation_id": "-", "name": "uvicorn.error", "lineno": 67, "message": "Waiting for application shutdown."}
{"asctime": "2025-11-05T16:46:36", "msecs": 327.0, "levelname": "INFO", "correlation_id": "-", "name": "uvicorn.error", "lineno": 76, "message": "Application shutdown complete."}
{"asctime": "2025-11-05T16:46:36", "msecs": 328.0, "levelname": "INFO", "correlation_id": "-", "name": "uvicorn.error", "lineno": 94, "message": "Finished server process [36528]", "color_message": "Finished server process [\u001b[36m%d\u001b[0m]"}
